<?xml version="1.0" encoding="UTF-8"?>
<testsuite name="[Riot API] 테스트" tests="3" skipped="0" failures="0" errors="0" timestamp="2025-01-05T08:23:04" hostname="louis5103.local" time="0.376">
  <properties/>
  <testcase name="puuid 검색 - 정상 유저 요청" classname="com.tools.seoultech.timoproject.service.BasicAPIServiceTest" time="0.17"/>
  <testcase name="puuid 검색 - 공백 유저 데이터 요청" classname="com.tools.seoultech.timoproject.service.BasicAPIServiceTest" time="0.013"/>
  <testcase name="puuid 검색 - 존재하지 않는 유저 데이터 요청" classname="com.tools.seoultech.timoproject.service.BasicAPIServiceTest" time="0.191"/>
  <system-out><![CDATA[2025-01-05T17:23:04.285+09:00 DEBUG 92444 --- [TimoProject] [    Test worker] .b.t.c.SpringBootTestContextBootstrapper : Neither @ContextConfiguration nor @ContextHierarchy found for test class [BasicAPIServiceTest]: using SpringBootContextLoader
2025-01-05T17:23:04.286+09:00  INFO 92444 --- [TimoProject] [    Test worker] t.c.s.AnnotationConfigContextLoaderUtils : Could not detect default configuration classes for test class [com.tools.seoultech.timoproject.service.BasicAPIServiceTest]: BasicAPIServiceTest does not declare any static, non-private, non-final, nested classes annotated with @Configuration.
2025-01-05T17:23:04.286+09:00 DEBUG 92444 --- [TimoProject] [    Test worker] .b.t.c.SpringBootTestContextBootstrapper : Using ContextCustomizerFactory implementations for test class [BasicAPIServiceTest]: [OnFailureConditionReportContextCustomizerFactory, OverrideAutoConfigurationContextCustomizerFactory, ObservabilityContextCustomizerFactory, TypeExcludeFiltersContextCustomizerFactory, PropertyMappingContextCustomizerFactory, WebDriverContextCustomizerFactory, ImportsContextCustomizerFactory, ExcludeFilterContextCustomizerFactory, HttpGraphQlTesterContextCustomizerFactory, DuplicateJsonObjectContextCustomizerFactory, MockitoContextCustomizerFactory, TestRestTemplateContextCustomizerFactory, WebTestClientContextCustomizerFactory, DisableReactorResourceFactoryGlobalResourcesContextCustomizerFactory, MockServerContainerContextCustomizerFactory, DynamicPropertiesContextCustomizerFactory]
2025-01-05T17:23:04.287+09:00 DEBUG 92444 --- [TimoProject] [    Test worker] .b.t.c.SpringBootTestContextBootstrapper : Using ContextCustomizers for test class [BasicAPIServiceTest]: [OnFailureConditionReportContextCustomizer, DisableObservabilityContextCustomizer, PropertyMappingContextCustomizer, WebDriverContextCustomizer, ExcludeFilterContextCustomizer, DuplicateJsonObjectContextCustomizer, MockitoContextCustomizer, TestRestTemplateContextCustomizer, DisableReactorResourceFactoryGlobalResourcesContextCustomizerCustomizer]
2025-01-05T17:23:04.293+09:00  INFO 92444 --- [TimoProject] [    Test worker] .b.t.c.SpringBootTestContextBootstrapper : Found @SpringBootConfiguration com.tools.seoultech.timoproject.TimoProjectApplication for test class com.tools.seoultech.timoproject.service.BasicAPIServiceTest
2025-01-05T17:23:04.294+09:00 DEBUG 92444 --- [TimoProject] [    Test worker] .b.t.c.SpringBootTestContextBootstrapper : Using TestExecutionListeners for test class [BasicAPIServiceTest]: [ServletTestExecutionListener, DirtiesContextBeforeModesTestExecutionListener, ApplicationEventsTestExecutionListener, MockitoTestExecutionListener, DependencyInjectionTestExecutionListener, DirtiesContextTestExecutionListener, TransactionalTestExecutionListener, SqlScriptsTestExecutionListener, EventPublishingTestExecutionListener, RestDocsTestExecutionListener, MockRestServiceServerResetTestExecutionListener, MockMvcPrintOnlyOnFailureTestExecutionListener, WebDriverTestExecutionListener, MockWebServiceServerTestExecutionListener, ResetMocksTestExecutionListener]
2025-01-05T17:23:04.671+09:00  INFO 92444 --- [TimoProject] [    Test worker] c.t.s.t.service.BasicAPIService          : riot API 예외 처리 - 사용자를 찾을 수 없습니다.
]]></system-out>
  <system-err><![CDATA[]]></system-err>
</testsuite>
