<?xml version="1.0" encoding="UTF-8"?>
<testsuite name="com.tools.seoultech.timoproject.repository.PostRepositoryTest" tests="1" skipped="0" failures="1" errors="0" timestamp="2025-01-05T08:23:02" hostname="louis5103.local" time="1.092">
  <properties/>
  <testcase name="insertDummies()" classname="com.tools.seoultech.timoproject.repository.PostRepositoryTest" time="1.092">
    <failure message="org.springframework.orm.jpa.JpaSystemException: could not execute statement [(conn=941) Field 'writer' doesn't have a default value] [insert into post (content,moddate,regdate,title,user_account_puuid) values (?,?,?,?,?) returning id]" type="org.springframework.orm.jpa.JpaSystemException">org.springframework.orm.jpa.JpaSystemException: could not execute statement [(conn=941) Field 'writer' doesn't have a default value] [insert into post (content,moddate,regdate,title,user_account_puuid) values (?,?,?,?,?) returning id]
	at app//org.springframework.orm.jpa.vendor.HibernateJpaDialect.convertHibernateAccessException(HibernateJpaDialect.java:341)
	at app//org.springframework.orm.jpa.vendor.HibernateJpaDialect.translateExceptionIfPossible(HibernateJpaDialect.java:241)
	at app//org.springframework.orm.jpa.AbstractEntityManagerFactoryBean.translateExceptionIfPossible(AbstractEntityManagerFactoryBean.java:550)
	at app//org.springframework.dao.support.ChainedPersistenceExceptionTranslator.translateExceptionIfPossible(ChainedPersistenceExceptionTranslator.java:61)
	at app//org.springframework.dao.support.DataAccessUtils.translateIfNecessary(DataAccessUtils.java:335)
	at app//org.springframework.dao.support.PersistenceExceptionTranslationInterceptor.invoke(PersistenceExceptionTranslationInterceptor.java:160)
	at app//org.springframework.aop.framework.ReflectiveMethodInvocation.proceed(ReflectiveMethodInvocation.java:184)
	at app//org.springframework.data.jpa.repository.support.CrudMethodMetadataPostProcessor$CrudMethodMetadataPopulatingMethodInterceptor.invoke(CrudMethodMetadataPostProcessor.java:165)
	at app//org.springframework.aop.framework.ReflectiveMethodInvocation.proceed(ReflectiveMethodInvocation.java:184)
	at app//org.springframework.aop.interceptor.ExposeInvocationInterceptor.invoke(ExposeInvocationInterceptor.java:97)
	at app//org.springframework.aop.framework.ReflectiveMethodInvocation.proceed(ReflectiveMethodInvocation.java:184)
	at app//org.springframework.aop.framework.JdkDynamicAopProxy.invoke(JdkDynamicAopProxy.java:223)
	at app/jdk.proxy3/jdk.proxy3.$Proxy161.save(Unknown Source)
	at app//com.tools.seoultech.timoproject.repository.PostRepositoryTest.lambda$insertDummies$0(PostRepositoryTest.java:45)
	at java.base@23/java.util.stream.Streams$RangeIntSpliterator.forEachRemaining(Streams.java:104)
	at java.base@23/java.util.stream.IntPipeline$Head.forEach(IntPipeline.java:620)
	at app//com.tools.seoultech.timoproject.repository.PostRepositoryTest.insertDummies(PostRepositoryTest.java:32)
	at java.base@23/java.lang.reflect.Method.invoke(Method.java:580)
	at java.base@23/java.util.ArrayList.forEach(ArrayList.java:1597)
	at java.base@23/java.util.ArrayList.forEach(ArrayList.java:1597)
Caused by: org.hibernate.exception.GenericJDBCException: could not execute statement [(conn=941) Field 'writer' doesn't have a default value] [insert into post (content,moddate,regdate,title,user_account_puuid) values (?,?,?,?,?) returning id]
	at app//org.hibernate.exception.internal.StandardSQLExceptionConverter.convert(StandardSQLExceptionConverter.java:63)
	at app//org.hibernate.engine.jdbc.spi.SqlExceptionHelper.convert(SqlExceptionHelper.java:108)
	at app//org.hibernate.engine.jdbc.internal.ResultSetReturnImpl.execute(ResultSetReturnImpl.java:145)
	at app//org.hibernate.id.insert.InsertReturningDelegate.executeAndExtractReturning(InsertReturningDelegate.java:96)
	at app//org.hibernate.id.insert.AbstractReturningDelegate.performMutation(AbstractReturningDelegate.java:58)
	at app//org.hibernate.engine.jdbc.mutation.internal.MutationExecutorSingleNonBatched.performNonBatchedOperations(MutationExecutorSingleNonBatched.java:47)
	at app//org.hibernate.engine.jdbc.mutation.internal.AbstractMutationExecutor.execute(AbstractMutationExecutor.java:55)
	at app//org.hibernate.persister.entity.mutation.InsertCoordinatorStandard.doStaticInserts(InsertCoordinatorStandard.java:194)
	at app//org.hibernate.persister.entity.mutation.InsertCoordinatorStandard.coordinateInsert(InsertCoordinatorStandard.java:132)
	at app//org.hibernate.persister.entity.mutation.InsertCoordinatorStandard.insert(InsertCoordinatorStandard.java:95)
	at app//org.hibernate.action.internal.EntityIdentityInsertAction.execute(EntityIdentityInsertAction.java:85)
	at app//org.hibernate.engine.spi.ActionQueue.execute(ActionQueue.java:671)
	at app//org.hibernate.engine.spi.ActionQueue.addResolvedEntityInsertAction(ActionQueue.java:292)
	at app//org.hibernate.engine.spi.ActionQueue.addInsertAction(ActionQueue.java:273)
	at app//org.hibernate.engine.spi.ActionQueue.addAction(ActionQueue.java:323)
	at app//org.hibernate.event.internal.AbstractSaveEventListener.addInsertAction(AbstractSaveEventListener.java:391)
	at app//org.hibernate.event.internal.AbstractSaveEventListener.performSaveOrReplicate(AbstractSaveEventListener.java:305)
	at app//org.hibernate.event.internal.AbstractSaveEventListener.performSave(AbstractSaveEventListener.java:224)
	at app//org.hibernate.event.internal.AbstractSaveEventListener.saveWithGeneratedId(AbstractSaveEventListener.java:137)
	at app//org.hibernate.event.internal.DefaultPersistEventListener.entityIsTransient(DefaultPersistEventListener.java:175)
	at app//org.hibernate.event.internal.DefaultPersistEventListener.persist(DefaultPersistEventListener.java:93)
	at app//org.hibernate.event.internal.DefaultPersistEventListener.onPersist(DefaultPersistEventListener.java:77)
	at app//org.hibernate.event.internal.DefaultPersistEventListener.onPersist(DefaultPersistEventListener.java:54)
	at app//org.hibernate.event.service.internal.EventListenerGroupImpl.fireEventOnEachListener(EventListenerGroupImpl.java:127)
	at app//org.hibernate.internal.SessionImpl.firePersist(SessionImpl.java:757)
	at app//org.hibernate.internal.SessionImpl.persist(SessionImpl.java:741)
	at java.base@23/jdk.internal.reflect.DirectMethodHandleAccessor.invoke(DirectMethodHandleAccessor.java:103)
	at java.base@23/java.lang.reflect.Method.invoke(Method.java:580)
	at app//org.springframework.orm.jpa.SharedEntityManagerCreator$SharedEntityManagerInvocationHandler.invoke(SharedEntityManagerCreator.java:319)
	at app/jdk.proxy3/jdk.proxy3.$Proxy153.persist(Unknown Source)
	at app//org.springframework.data.jpa.repository.support.SimpleJpaRepository.save(SimpleJpaRepository.java:628)
	at java.base@23/jdk.internal.reflect.DirectMethodHandleAccessor.invoke(DirectMethodHandleAccessor.java:103)
	at java.base@23/java.lang.reflect.Method.invoke(Method.java:580)
	at app//org.springframework.aop.support.AopUtils.invokeJoinpointUsingReflection(AopUtils.java:355)
	at app//org.springframework.data.repository.core.support.RepositoryMethodInvoker$RepositoryFragmentMethodInvoker.lambda$new$0(RepositoryMethodInvoker.java:277)
	at app//org.springframework.data.repository.core.support.RepositoryMethodInvoker.doInvoke(RepositoryMethodInvoker.java:170)
	at app//org.springframework.data.repository.core.support.RepositoryMethodInvoker.invoke(RepositoryMethodInvoker.java:158)
	at app//org.springframework.data.repository.core.support.RepositoryComposition$RepositoryFragments.invoke(RepositoryComposition.java:516)
	at app//org.springframework.data.repository.core.support.RepositoryComposition.invoke(RepositoryComposition.java:285)
	at app//org.springframework.data.repository.core.support.RepositoryFactorySupport$ImplementationMethodExecutionInterceptor.invoke(RepositoryFactorySupport.java:628)
	at app//org.springframework.aop.framework.ReflectiveMethodInvocation.proceed(ReflectiveMethodInvocation.java:184)
	at app//org.springframework.data.repository.core.support.QueryExecutorMethodInterceptor.doInvoke(QueryExecutorMethodInterceptor.java:173)
	at app//org.springframework.data.repository.core.support.QueryExecutorMethodInterceptor.invoke(QueryExecutorMethodInterceptor.java:148)
	at app//org.springframework.aop.framework.ReflectiveMethodInvocation.proceed(ReflectiveMethodInvocation.java:184)
	at app//org.springframework.data.projection.DefaultMethodInvokingMethodInterceptor.invoke(DefaultMethodInvokingMethodInterceptor.java:70)
	at app//org.springframework.aop.framework.ReflectiveMethodInvocation.proceed(ReflectiveMethodInvocation.java:184)
	at app//org.springframework.transaction.interceptor.TransactionAspectSupport.invokeWithinTransaction(TransactionAspectSupport.java:379)
	at app//org.springframework.transaction.interceptor.TransactionInterceptor.invoke(TransactionInterceptor.java:119)
	at app//org.springframework.aop.framework.ReflectiveMethodInvocation.proceed(ReflectiveMethodInvocation.java:184)
	at app//org.springframework.dao.support.PersistenceExceptionTranslationInterceptor.invoke(PersistenceExceptionTranslationInterceptor.java:138)
	... 14 more
Caused by: java.sql.SQLException: (conn=941) Field 'writer' doesn't have a default value
	at org.mariadb.jdbc.export.ExceptionFactory.createException(ExceptionFactory.java:306)
	at org.mariadb.jdbc.export.ExceptionFactory.create(ExceptionFactory.java:378)
	at org.mariadb.jdbc.message.ClientMessage.readPacket(ClientMessage.java:189)
	at org.mariadb.jdbc.client.impl.StandardClient.readPacket(StandardClient.java:1235)
	at org.mariadb.jdbc.client.impl.StandardClient.readResults(StandardClient.java:1174)
	at org.mariadb.jdbc.client.impl.StandardClient.readResponse(StandardClient.java:1093)
	at org.mariadb.jdbc.client.impl.StandardClient.execute(StandardClient.java:1017)
	at org.mariadb.jdbc.ClientPreparedStatement.executeInternal(ClientPreparedStatement.java:101)
	at org.mariadb.jdbc.ClientPreparedStatement.execute(ClientPreparedStatement.java:237)
	at com.zaxxer.hikari.pool.ProxyPreparedStatement.execute(ProxyPreparedStatement.java:44)
	at com.zaxxer.hikari.pool.HikariProxyPreparedStatement.execute(HikariProxyPreparedStatement.java)
	at org.hibernate.engine.jdbc.internal.ResultSetReturnImpl.execute(ResultSetReturnImpl.java:129)
	... 61 more
</failure>
  </testcase>
  <system-out><![CDATA[2025-01-05T17:23:02.741+09:00 DEBUG 92444 --- [TimoProject] [    Test worker] .b.t.c.SpringBootTestContextBootstrapper : Neither @ContextConfiguration nor @ContextHierarchy found for test class [PostRepositoryTest]: using SpringBootContextLoader
2025-01-05T17:23:02.742+09:00  INFO 92444 --- [TimoProject] [    Test worker] t.c.s.AnnotationConfigContextLoaderUtils : Could not detect default configuration classes for test class [com.tools.seoultech.timoproject.repository.PostRepositoryTest]: PostRepositoryTest does not declare any static, non-private, non-final, nested classes annotated with @Configuration.
2025-01-05T17:23:02.744+09:00 DEBUG 92444 --- [TimoProject] [    Test worker] .b.t.c.SpringBootTestContextBootstrapper : Using ContextCustomizerFactory implementations for test class [PostRepositoryTest]: [OnFailureConditionReportContextCustomizerFactory, OverrideAutoConfigurationContextCustomizerFactory, ObservabilityContextCustomizerFactory, TypeExcludeFiltersContextCustomizerFactory, PropertyMappingContextCustomizerFactory, WebDriverContextCustomizerFactory, ImportsContextCustomizerFactory, ExcludeFilterContextCustomizerFactory, HttpGraphQlTesterContextCustomizerFactory, DuplicateJsonObjectContextCustomizerFactory, MockitoContextCustomizerFactory, TestRestTemplateContextCustomizerFactory, WebTestClientContextCustomizerFactory, DisableReactorResourceFactoryGlobalResourcesContextCustomizerFactory, MockServerContainerContextCustomizerFactory, DynamicPropertiesContextCustomizerFactory]
2025-01-05T17:23:02.746+09:00 DEBUG 92444 --- [TimoProject] [    Test worker] .b.t.c.SpringBootTestContextBootstrapper : Using ContextCustomizers for test class [PostRepositoryTest]: [OnFailureConditionReportContextCustomizer, DisableObservabilityContextCustomizer, PropertyMappingContextCustomizer, WebDriverContextCustomizer, ExcludeFilterContextCustomizer, DuplicateJsonObjectContextCustomizer, MockitoContextCustomizer, TestRestTemplateContextCustomizer, DisableReactorResourceFactoryGlobalResourcesContextCustomizerCustomizer]
2025-01-05T17:23:02.761+09:00  INFO 92444 --- [TimoProject] [    Test worker] .b.t.c.SpringBootTestContextBootstrapper : Found @SpringBootConfiguration com.tools.seoultech.timoproject.TimoProjectApplication for test class com.tools.seoultech.timoproject.repository.PostRepositoryTest
2025-01-05T17:23:02.762+09:00 DEBUG 92444 --- [TimoProject] [    Test worker] .b.t.c.SpringBootTestContextBootstrapper : Using TestExecutionListeners for test class [PostRepositoryTest]: [ServletTestExecutionListener, DirtiesContextBeforeModesTestExecutionListener, ApplicationEventsTestExecutionListener, MockitoTestExecutionListener, DependencyInjectionTestExecutionListener, DirtiesContextTestExecutionListener, TransactionalTestExecutionListener, SqlScriptsTestExecutionListener, EventPublishingTestExecutionListener, RestDocsTestExecutionListener, MockRestServiceServerResetTestExecutionListener, MockMvcPrintOnlyOnFailureTestExecutionListener, WebDriverTestExecutionListener, MockWebServiceServerTestExecutionListener, ResetMocksTestExecutionListener]
2025-01-05T17:23:03.831+09:00 DEBUG 92444 --- [TimoProject] [    Test worker] org.hibernate.SQL                        : 
    select
        null,
        ua1_0.game_name,
        ua1_0.moddate,
        ua1_0.regdate,
        ua1_0.tag_line 
    from
        user_account ua1_0 
    where
        ua1_0.puuid=?
Hibernate: 
    select
        null,
        ua1_0.game_name,
        ua1_0.moddate,
        ua1_0.regdate,
        ua1_0.tag_line 
    from
        user_account ua1_0 
    where
        ua1_0.puuid=?
2025-01-05T17:23:03.842+09:00 DEBUG 92444 --- [TimoProject] [    Test worker] org.hibernate.SQL                        : 
    insert 
    into
        post
        (content, moddate, regdate, title, user_account_puuid) 
    values
        (?, ?, ?, ?, ?) 
    returning id
Hibernate: 
    insert 
    into
        post
        (content, moddate, regdate, title, user_account_puuid) 
    values
        (?, ?, ?, ?, ?) 
    returning id
2025-01-05T17:23:03.847+09:00  WARN 92444 --- [TimoProject] [    Test worker] o.m.jdbc.message.server.ErrorPacket      : Error: 1364-HY000: Field 'writer' doesn't have a default value
2025-01-05T17:23:03.848+09:00  WARN 92444 --- [TimoProject] [    Test worker] o.h.engine.jdbc.spi.SqlExceptionHelper   : SQL Error: 1364, SQLState: HY000
2025-01-05T17:23:03.848+09:00 ERROR 92444 --- [TimoProject] [    Test worker] o.h.engine.jdbc.spi.SqlExceptionHelper   : (conn=941) Field 'writer' doesn't have a default value
]]></system-out>
  <system-err><![CDATA[]]></system-err>
</testsuite>
